{"target": 0.2, "params": {"close_airport_weight": 0.9668088018810296, "deploy_medication_weight": 1.088129797376863, "develop_medication_weight": 0.800045749926938, "put_under_quarantine_weight": 0.9209330290527359}, "datetime": {"datetime": "2019-12-31 14:24:31", "elapsed": 0.0, "delta": 0.0}}
{"target": 0.3, "params": {"close_airport_weight": 0.8587023563268452, "deploy_medication_weight": 0.8369354379075191, "develop_medication_weight": 0.8745040845510684, "put_under_quarantine_weight": 0.9382242908172191}, "datetime": {"datetime": "2019-12-31 14:24:43", "elapsed": 12.70602, "delta": 12.70602}}
{"target": 0.4, "params": {"close_airport_weight": 0.958706989692268, "deploy_medication_weight": 1.0155266936013427, "develop_medication_weight": 0.9676778057613179, "put_under_quarantine_weight": 1.0740878001587038}, "datetime": {"datetime": "2019-12-31 14:24:56", "elapsed": 25.110791, "delta": 12.404771}}
{"target": 0.3, "params": {"close_airport_weight": 0.881780899892607, "deploy_medication_weight": 1.1512469745563783, "develop_medication_weight": 0.8109550372791705, "put_under_quarantine_weight": 1.0681870040713608}, "datetime": {"datetime": "2019-12-31 14:25:10", "elapsed": 39.048983, "delta": 13.938192}}
{"target": 0.2, "params": {"close_airport_weight": 0.9669219209468508, "deploy_medication_weight": 1.0234759313783006, "develop_medication_weight": 0.8561547754380936, "put_under_quarantine_weight": 0.8792405956339515}, "datetime": {"datetime": "2019-12-31 14:25:28", "elapsed": 57.141346, "delta": 18.092363}}
{"target": 0.2, "params": {"close_airport_weight": 1.2, "deploy_medication_weight": 0.8, "develop_medication_weight": 1.2, "put_under_quarantine_weight": 1.2}, "datetime": {"datetime": "2019-12-31 14:25:45", "elapsed": 74.196354, "delta": 17.055008}}
{"target": 0.3, "params": {"close_airport_weight": 0.8, "deploy_medication_weight": 1.2, "develop_medication_weight": 1.2, "put_under_quarantine_weight": 1.2}, "datetime": {"datetime": "2019-12-31 14:26:00", "elapsed": 89.388258, "delta": 15.191904}}
{"target": 0.4, "params": {"close_airport_weight": 1.2, "deploy_medication_weight": 0.8, "develop_medication_weight": 0.8, "put_under_quarantine_weight": 1.2}, "datetime": {"datetime": "2019-12-31 14:26:16", "elapsed": 104.791833, "delta": 15.403575}}
{"target": 0.0, "params": {"close_airport_weight": 0.8, "deploy_medication_weight": 0.8, "develop_medication_weight": 0.8, "put_under_quarantine_weight": 1.2}, "datetime": {"datetime": "2019-12-31 14:26:33", "elapsed": 121.952908, "delta": 17.161075}}
{"target": 0.1, "params": {"close_airport_weight": 1.2, "deploy_medication_weight": 1.2, "develop_medication_weight": 0.8, "put_under_quarantine_weight": 1.2}, "datetime": {"datetime": "2019-12-31 14:26:45", "elapsed": 134.56456, "delta": 12.611652}}
{"target": 0.5, "params": {"close_airport_weight": 0.8, "deploy_medication_weight": 0.8, "develop_medication_weight": 1.2, "put_under_quarantine_weight": 0.8}, "datetime": {"datetime": "2019-12-31 14:27:02", "elapsed": 151.607534, "delta": 17.042974}}
{"target": 0.2, "params": {"close_airport_weight": 0.8, "deploy_medication_weight": 1.2, "develop_medication_weight": 1.2, "put_under_quarantine_weight": 0.8}, "datetime": {"datetime": "2019-12-31 14:27:22", "elapsed": 171.017251, "delta": 19.409717}}
{"target": 0.4, "params": {"close_airport_weight": 1.2, "deploy_medication_weight": 0.8, "develop_medication_weight": 1.2, "put_under_quarantine_weight": 0.8}, "datetime": {"datetime": "2019-12-31 14:27:38", "elapsed": 187.546078, "delta": 16.528827}}
{"target": 0.3, "params": {"close_airport_weight": 1.2, "deploy_medication_weight": 0.8, "develop_medication_weight": 0.8, "put_under_quarantine_weight": 0.8}, "datetime": {"datetime": "2019-12-31 14:27:53", "elapsed": 202.442675, "delta": 14.896597}}
{"target": 0.1, "params": {"close_airport_weight": 0.8, "deploy_medication_weight": 0.8, "develop_medication_weight": 1.2, "put_under_quarantine_weight": 1.0532176107843485}, "datetime": {"datetime": "2019-12-31 14:28:16", "elapsed": 225.292862, "delta": 22.850187}}
{"target": 0.5, "params": {"close_airport_weight": 1.2, "deploy_medication_weight": 1.2, "develop_medication_weight": 1.2, "put_under_quarantine_weight": 1.1063893384564552}, "datetime": {"datetime": "2019-12-31 14:28:36", "elapsed": 245.391336, "delta": 20.098474}}
{"target": 0.3, "params": {"close_airport_weight": 1.2, "deploy_medication_weight": 1.2, "develop_medication_weight": 1.2, "put_under_quarantine_weight": 0.8}, "datetime": {"datetime": "2019-12-31 14:28:51", "elapsed": 260.68057, "delta": 15.289234}}
{"target": 0.3, "params": {"close_airport_weight": 1.0533924810961506, "deploy_medication_weight": 1.2, "develop_medication_weight": 1.2, "put_under_quarantine_weight": 1.2}, "datetime": {"datetime": "2019-12-31 14:29:10", "elapsed": 278.856352, "delta": 18.175782}}
{"target": 0.2, "params": {"close_airport_weight": 1.2, "deploy_medication_weight": 1.0147876625899088, "develop_medication_weight": 1.2, "put_under_quarantine_weight": 0.9962505078504347}, "datetime": {"datetime": "2019-12-31 14:29:30", "elapsed": 299.713082, "delta": 20.85673}}
{"target": 0.3, "params": {"close_airport_weight": 1.2, "deploy_medication_weight": 0.8, "develop_medication_weight": 0.961405324457628, "put_under_quarantine_weight": 1.0162967613085956}, "datetime": {"datetime": "2019-12-31 14:29:49", "elapsed": 318.743019, "delta": 19.029937}}
{"target": 0.1, "params": {"close_airport_weight": 0.8, "deploy_medication_weight": 0.8, "develop_medication_weight": 1.0061435812161053, "put_under_quarantine_weight": 0.8}, "datetime": {"datetime": "2019-12-31 14:30:10", "elapsed": 339.112171, "delta": 20.369152}}
{"target": 0.4, "params": {"close_airport_weight": 0.98197935430449, "deploy_medication_weight": 0.8, "develop_medication_weight": 1.2, "put_under_quarantine_weight": 0.8}, "datetime": {"datetime": "2019-12-31 14:30:30", "elapsed": 359.672481, "delta": 20.56031}}
{"target": 0.2, "params": {"close_airport_weight": 1.0449897616934576, "deploy_medication_weight": 0.8, "develop_medication_weight": 0.8, "put_under_quarantine_weight": 1.03272680475206}, "datetime": {"datetime": "2019-12-31 14:30:47", "elapsed": 376.36302, "delta": 16.690539}}
{"target": 0.1, "params": {"close_airport_weight": 1.2, "deploy_medication_weight": 1.2, "develop_medication_weight": 0.8, "put_under_quarantine_weight": 0.8}, "datetime": {"datetime": "2019-12-31 14:31:06", "elapsed": 395.380497, "delta": 19.017477}}
{"target": 0.3, "params": {"close_airport_weight": 0.8, "deploy_medication_weight": 1.2, "develop_medication_weight": 1.0139222506227357, "put_under_quarantine_weight": 1.0299112683583636}, "datetime": {"datetime": "2019-12-31 14:31:24", "elapsed": 413.373568, "delta": 17.993071}}
{"target": 0.3, "params": {"close_airport_weight": 1.2, "deploy_medication_weight": 1.0379333291625843, "develop_medication_weight": 1.0157410675851593, "put_under_quarantine_weight": 1.2}, "datetime": {"datetime": "2019-12-31 14:31:47", "elapsed": 436.562363, "delta": 23.188795}}
{"target": 0.4, "params": {"close_airport_weight": 0.8, "deploy_medication_weight": 0.9539895329496424, "develop_medication_weight": 1.2, "put_under_quarantine_weight": 0.8}, "datetime": {"datetime": "2019-12-31 14:32:08", "elapsed": 457.005549, "delta": 20.443186}}
{"target": 0.3, "params": {"close_airport_weight": 1.2, "deploy_medication_weight": 1.2, "develop_medication_weight": 1.0432010642445289, "put_under_quarantine_weight": 1.0221740493523126}, "datetime": {"datetime": "2019-12-31 14:32:23", "elapsed": 472.680089, "delta": 15.67454}}
{"target": 0.4, "params": {"close_airport_weight": 0.8, "deploy_medication_weight": 1.0690444486476458, "develop_medication_weight": 0.942610875485363, "put_under_quarantine_weight": 1.2}, "datetime": {"datetime": "2019-12-31 14:32:41", "elapsed": 490.652893, "delta": 17.972804}}
{"target": 0.2, "params": {"close_airport_weight": 0.8, "deploy_medication_weight": 0.9932068095298222, "develop_medication_weight": 0.8, "put_under_quarantine_weight": 1.0255792929299392}, "datetime": {"datetime": "2019-12-31 14:33:08", "elapsed": 517.712189, "delta": 27.059296}}
{"target": 0.0, "params": {"close_airport_weight": 1.2, "deploy_medication_weight": 1.2, "develop_medication_weight": 1.2, "put_under_quarantine_weight": 1.2}, "datetime": {"datetime": "2019-12-31 14:33:25", "elapsed": 534.013309, "delta": 16.30112}}
{"target": 0.3, "params": {"close_airport_weight": 1.0167703647386035, "deploy_medication_weight": 1.2, "develop_medication_weight": 1.2, "put_under_quarantine_weight": 0.9883541518729186}, "datetime": {"datetime": "2019-12-31 14:33:41", "elapsed": 550.295163, "delta": 16.281854}}
{"target": 0.2, "params": {"close_airport_weight": 0.8, "deploy_medication_weight": 1.2, "develop_medication_weight": 0.8, "put_under_quarantine_weight": 0.8}, "datetime": {"datetime": "2019-12-31 14:33:57", "elapsed": 566.166634, "delta": 15.871471}}
{"target": 0.1, "params": {"close_airport_weight": 1.035552922126692, "deploy_medication_weight": 0.8, "develop_medication_weight": 1.0020389913937966, "put_under_quarantine_weight": 1.2}, "datetime": {"datetime": "2019-12-31 14:34:16", "elapsed": 585.752147, "delta": 19.585513}}
{"target": 0.3, "params": {"close_airport_weight": 0.9453843797985167, "deploy_medication_weight": 1.2, "develop_medication_weight": 0.972179823631914, "put_under_quarantine_weight": 1.2}, "datetime": {"datetime": "2019-12-31 14:34:32", "elapsed": 600.821585, "delta": 15.069438}}
{"target": 0.1, "params": {"close_airport_weight": 1.2, "deploy_medication_weight": 0.9809352399006167, "develop_medication_weight": 0.8, "put_under_quarantine_weight": 1.082295594577124}, "datetime": {"datetime": "2019-12-31 14:34:47", "elapsed": 616.401208, "delta": 15.579623}}
{"target": 0.4, "params": {"close_airport_weight": 0.8, "deploy_medication_weight": 1.2, "develop_medication_weight": 0.8, "put_under_quarantine_weight": 1.2}, "datetime": {"datetime": "2019-12-31 14:35:09", "elapsed": 638.52538, "delta": 22.124172}}
{"target": 0.2, "params": {"close_airport_weight": 0.9279621441983547, "deploy_medication_weight": 0.8, "develop_medication_weight": 0.8, "put_under_quarantine_weight": 0.8}, "datetime": {"datetime": "2019-12-31 14:35:26", "elapsed": 655.058979, "delta": 16.533599}}
{"target": 0.2, "params": {"close_airport_weight": 1.2, "deploy_medication_weight": 1.2, "develop_medication_weight": 1.2, "put_under_quarantine_weight": 0.985094810647762}, "datetime": {"datetime": "2019-12-31 14:35:44", "elapsed": 673.635143, "delta": 18.576164}}
{"target": 0.3, "params": {"close_airport_weight": 0.9529405726799429, "deploy_medication_weight": 1.023749212337701, "develop_medication_weight": 1.2, "put_under_quarantine_weight": 1.145527809484022}, "datetime": {"datetime": "2019-12-31 14:36:04", "elapsed": 693.088149, "delta": 19.453006}}
{"target": 0.0, "params": {"close_airport_weight": 1.2, "deploy_medication_weight": 0.9525820850963652, "develop_medication_weight": 1.0244939337006362, "put_under_quarantine_weight": 0.8}, "datetime": {"datetime": "2019-12-31 14:36:24", "elapsed": 713.440267, "delta": 20.352118}}
{"target": 0.3, "params": {"close_airport_weight": 0.9860405347835401, "deploy_medication_weight": 1.2, "develop_medication_weight": 1.001877848787277, "put_under_quarantine_weight": 0.8}, "datetime": {"datetime": "2019-12-31 14:36:40", "elapsed": 729.289597, "delta": 15.84933}}
{"target": 0.3, "params": {"close_airport_weight": 0.9813964937789017, "deploy_medication_weight": 1.0185629203080746, "develop_medication_weight": 0.8, "put_under_quarantine_weight": 1.2}, "datetime": {"datetime": "2019-12-31 14:36:57", "elapsed": 746.494762, "delta": 17.205165}}
{"target": 0.4, "params": {"close_airport_weight": 1.2, "deploy_medication_weight": 0.8, "develop_medication_weight": 1.2, "put_under_quarantine_weight": 0.9966660117042847}, "datetime": {"datetime": "2019-12-31 14:37:33", "elapsed": 782.051063, "delta": 35.556301}}
{"target": 0.4, "params": {"close_airport_weight": 1.0882676327412408, "deploy_medication_weight": 1.1319626139464947, "develop_medication_weight": 1.1106892843000176, "put_under_quarantine_weight": 1.1053431023787557}, "datetime": {"datetime": "2019-12-31 14:37:53", "elapsed": 801.830767, "delta": 19.779704}}
{"target": 0.3, "params": {"close_airport_weight": 0.8, "deploy_medication_weight": 1.0526245945319042, "develop_medication_weight": 1.2, "put_under_quarantine_weight": 1.0106987720079035}, "datetime": {"datetime": "2019-12-31 14:38:11", "elapsed": 819.970587, "delta": 18.13982}}
{"target": 0.1, "params": {"close_airport_weight": 0.994274659762412, "deploy_medication_weight": 1.0432274168593823, "develop_medication_weight": 1.2, "put_under_quarantine_weight": 0.8}, "datetime": {"datetime": "2019-12-31 14:38:30", "elapsed": 838.990869, "delta": 19.020282}}
{"target": 0.3, "params": {"close_airport_weight": 1.2, "deploy_medication_weight": 0.8, "develop_medication_weight": 0.9690625715206083, "put_under_quarantine_weight": 1.2}, "datetime": {"datetime": "2019-12-31 14:38:47", "elapsed": 856.407121, "delta": 17.416252}}
{"target": 0.4, "params": {"close_airport_weight": 1.0103264849822131, "deploy_medication_weight": 0.8, "develop_medication_weight": 1.2, "put_under_quarantine_weight": 0.9782175499535031}, "datetime": {"datetime": "2019-12-31 14:39:00", "elapsed": 869.266547, "delta": 12.859426}}
{"target": 0.0, "params": {"close_airport_weight": 0.9269772878103113, "deploy_medication_weight": 1.2, "develop_medication_weight": 1.2, "put_under_quarantine_weight": 1.1077423759584262}, "datetime": {"datetime": "2019-12-31 14:39:16", "elapsed": 884.922982, "delta": 15.656435}}
{"target": 0.4, "params": {"close_airport_weight": 0.8, "deploy_medication_weight": 0.9759715956328531, "develop_medication_weight": 1.2, "put_under_quarantine_weight": 1.2}, "datetime": {"datetime": "2019-12-31 14:39:29", "elapsed": 898.606418, "delta": 13.683436}}
{"target": 0.3, "params": {"close_airport_weight": 0.8, "deploy_medication_weight": 0.9796265562202299, "develop_medication_weight": 1.0278667889996254, "put_under_quarantine_weight": 0.9680315836667884}, "datetime": {"datetime": "2019-12-31 14:39:47", "elapsed": 916.394986, "delta": 17.788568}}
{"target": 0.3, "params": {"close_airport_weight": 1.071523224686743, "deploy_medication_weight": 0.8, "develop_medication_weight": 0.9867140748113219, "put_under_quarantine_weight": 0.8}, "datetime": {"datetime": "2019-12-31 14:40:06", "elapsed": 935.007678, "delta": 18.612692}}
{"target": 0.0, "params": {"close_airport_weight": 1.0582888552452159, "deploy_medication_weight": 1.2, "develop_medication_weight": 0.8983048042433566, "put_under_quarantine_weight": 1.026983626168189}, "datetime": {"datetime": "2019-12-31 14:40:24", "elapsed": 952.9808, "delta": 17.973122}}
{"target": 0.3, "params": {"close_airport_weight": 0.8, "deploy_medication_weight": 1.2, "develop_medication_weight": 1.001521505246375, "put_under_quarantine_weight": 1.2}, "datetime": {"datetime": "2019-12-31 14:40:38", "elapsed": 967.22152, "delta": 14.24072}}
{"target": 0.2, "params": {"close_airport_weight": 0.8, "deploy_medication_weight": 1.2, "develop_medication_weight": 0.9972674982544836, "put_under_quarantine_weight": 0.8}, "datetime": {"datetime": "2019-12-31 14:40:55", "elapsed": 984.601226, "delta": 17.379706}}
{"target": 0.2, "params": {"close_airport_weight": 0.9455512848756774, "deploy_medication_weight": 1.0012164499018021, "develop_medication_weight": 1.0312773930174193, "put_under_quarantine_weight": 1.2}, "datetime": {"datetime": "2019-12-31 14:41:13", "elapsed": 1002.539027, "delta": 17.937801}}
{"target": 0.1, "params": {"close_airport_weight": 1.1831895773919103, "deploy_medication_weight": 0.9430863222586087, "develop_medication_weight": 0.8943408719128895, "put_under_quarantine_weight": 1.0774382893172072}, "datetime": {"datetime": "2019-12-31 14:41:28", "elapsed": 1017.157584, "delta": 14.618557}}
{"target": 0.4, "params": {"close_airport_weight": 0.9765508098769824, "deploy_medication_weight": 0.8, "develop_medication_weight": 1.0259037378908804, "put_under_quarantine_weight": 0.9612198785201352}, "datetime": {"datetime": "2019-12-31 14:41:50", "elapsed": 1039.583358, "delta": 22.425774}}
{"target": 0.1, "params": {"close_airport_weight": 1.2, "deploy_medication_weight": 1.2, "develop_medication_weight": 1.0225695472276806, "put_under_quarantine_weight": 0.8}, "datetime": {"datetime": "2019-12-31 14:42:14", "elapsed": 1063.012534, "delta": 23.429176}}
{"target": 0.3, "params": {"close_airport_weight": 1.028170312785127, "deploy_medication_weight": 1.2, "develop_medication_weight": 1.2, "put_under_quarantine_weight": 0.8}, "datetime": {"datetime": "2019-12-31 14:42:37", "elapsed": 1086.543041, "delta": 23.530507}}
{"target": 0.1, "params": {"close_airport_weight": 0.8681995139449149, "deploy_medication_weight": 0.8761975811801724, "develop_medication_weight": 1.2, "put_under_quarantine_weight": 0.90039150481779}, "datetime": {"datetime": "2019-12-31 14:42:51", "elapsed": 1100.543277, "delta": 14.000236}}
{"target": 0.4, "params": {"close_airport_weight": 0.9660325107396127, "deploy_medication_weight": 0.8, "develop_medication_weight": 1.2, "put_under_quarantine_weight": 1.2}, "datetime": {"datetime": "2019-12-31 14:43:09", "elapsed": 1117.951159, "delta": 17.407882}}
{"target": 0.3, "params": {"close_airport_weight": 1.0846283924664957, "deploy_medication_weight": 0.8938920677614991, "develop_medication_weight": 1.2, "put_under_quarantine_weight": 1.1111070286640623}, "datetime": {"datetime": "2019-12-31 14:43:24", "elapsed": 1133.333907, "delta": 15.382748}}
{"target": 0.1, "params": {"close_airport_weight": 1.120099843575727, "deploy_medication_weight": 0.8, "develop_medication_weight": 1.110460676048115, "put_under_quarantine_weight": 0.9163933427455164}, "datetime": {"datetime": "2019-12-31 14:43:42", "elapsed": 1151.584653, "delta": 18.250746}}
{"target": 0.2, "params": {"close_airport_weight": 0.8, "deploy_medication_weight": 0.8, "develop_medication_weight": 1.0493816721488745, "put_under_quarantine_weight": 1.2}, "datetime": {"datetime": "2019-12-31 14:43:57", "elapsed": 1166.386329, "delta": 14.801676}}
{"target": 0.2, "params": {"close_airport_weight": 0.9837027439966907, "deploy_medication_weight": 1.2, "develop_medication_weight": 0.8, "put_under_quarantine_weight": 0.8}, "datetime": {"datetime": "2019-12-31 14:44:19", "elapsed": 1188.100479, "delta": 21.71415}}
{"target": 0.2, "params": {"close_airport_weight": 0.958431378153328, "deploy_medication_weight": 1.2, "develop_medication_weight": 0.8, "put_under_quarantine_weight": 1.2}, "datetime": {"datetime": "2019-12-31 14:44:39", "elapsed": 1207.994253, "delta": 19.893774}}
{"target": 0.4, "params": {"close_airport_weight": 0.8, "deploy_medication_weight": 1.0565749428906481, "develop_medication_weight": 0.8, "put_under_quarantine_weight": 1.2}, "datetime": {"datetime": "2019-12-31 14:44:59", "elapsed": 1228.275816, "delta": 20.281563}}
{"target": 0.3, "params": {"close_airport_weight": 1.1191628477085274, "deploy_medication_weight": 1.2, "develop_medication_weight": 1.2, "put_under_quarantine_weight": 1.0884012034911692}, "datetime": {"datetime": "2019-12-31 14:45:21", "elapsed": 1250.148278, "delta": 21.872462}}
{"target": 0.2, "params": {"close_airport_weight": 0.9130716456495197, "deploy_medication_weight": 1.119473253830191, "develop_medication_weight": 1.0577284445602704, "put_under_quarantine_weight": 0.9346456916718356}, "datetime": {"datetime": "2019-12-31 14:45:40", "elapsed": 1269.103677, "delta": 18.955399}}
{"target": 0.1, "params": {"close_airport_weight": 1.2, "deploy_medication_weight": 1.2, "develop_medication_weight": 1.0339639465777597, "put_under_quarantine_weight": 1.1550856823269284}, "datetime": {"datetime": "2019-12-31 14:45:53", "elapsed": 1282.639186, "delta": 13.535509}}
{"target": 0.1, "params": {"close_airport_weight": 1.2, "deploy_medication_weight": 1.0684849752215464, "develop_medication_weight": 1.2, "put_under_quarantine_weight": 1.1276858011471915}, "datetime": {"datetime": "2019-12-31 14:46:12", "elapsed": 1301.419179, "delta": 18.779993}}
{"target": 0.1, "params": {"close_airport_weight": 1.2, "deploy_medication_weight": 0.9883551871731517, "develop_medication_weight": 0.8, "put_under_quarantine_weight": 1.2}, "datetime": {"datetime": "2019-12-31 14:46:26", "elapsed": 1315.328813, "delta": 13.909634}}
{"target": 0.2, "params": {"close_airport_weight": 1.2, "deploy_medication_weight": 0.8, "develop_medication_weight": 0.8, "put_under_quarantine_weight": 0.9834441435449792}, "datetime": {"datetime": "2019-12-31 14:46:43", "elapsed": 1331.892665, "delta": 16.563852}}
{"target": 0.3, "params": {"close_airport_weight": 0.9281190817029239, "deploy_medication_weight": 0.8277415746955417, "develop_medication_weight": 0.8746540587247872, "put_under_quarantine_weight": 0.9033535402197618}, "datetime": {"datetime": "2019-12-31 14:46:59", "elapsed": 1347.810973, "delta": 15.918308}}
{"target": 0.2, "params": {"close_airport_weight": 1.2, "deploy_medication_weight": 0.9914266850357962, "develop_medication_weight": 0.8, "put_under_quarantine_weight": 0.8}, "datetime": {"datetime": "2019-12-31 14:47:17", "elapsed": 1366.468475, "delta": 18.657502}}
{"target": 0.1, "params": {"close_airport_weight": 0.8, "deploy_medication_weight": 0.9895037661181253, "develop_medication_weight": 0.8, "put_under_quarantine_weight": 0.8}, "datetime": {"datetime": "2019-12-31 14:47:39", "elapsed": 1388.135214, "delta": 21.666739}}
{"target": 0.0, "params": {"close_airport_weight": 0.8842213893919973, "deploy_medication_weight": 0.8, "develop_medication_weight": 0.9605975984194559, "put_under_quarantine_weight": 1.0574472788103155}, "datetime": {"datetime": "2019-12-31 14:47:56", "elapsed": 1404.792341, "delta": 16.657127}}
