{"target": 0.3, "params": {"close_airport_weight": 0.8, "deploy_medication_weight": 0.8, "develop_medication_weight": 1.2, "put_under_quarantine_weight": 1.2}, "datetime": {"datetime": "2019-12-31 14:48:14", "elapsed": 1423.001698, "delta": 18.209357}}
{"target": 0.2, "params": {"close_airport_weight": 0.8, "deploy_medication_weight": 1.2, "develop_medication_weight": 0.8, "put_under_quarantine_weight": 0.9782974180811489}, "datetime": {"datetime": "2019-12-31 14:48:33", "elapsed": 1442.564169, "delta": 19.562471}}
{"target": 0.2, "params": {"close_airport_weight": 1.2, "deploy_medication_weight": 0.9891397263705942, "develop_medication_weight": 1.2, "put_under_quarantine_weight": 0.8}, "datetime": {"datetime": "2019-12-31 14:48:53", "elapsed": 1461.922795, "delta": 19.358626}}
{"target": 0.3, "params": {"close_airport_weight": 1.0657345065061246, "deploy_medication_weight": 0.8, "develop_medication_weight": 1.1354719678432788, "put_under_quarantine_weight": 1.0911840974416473}, "datetime": {"datetime": "2019-12-31 14:49:12", "elapsed": 1481.725486, "delta": 19.802691}}
{"target": 0.3, "params": {"close_airport_weight": 0.8, "deploy_medication_weight": 1.0929357884311024, "develop_medication_weight": 0.9296899483560607, "put_under_quarantine_weight": 1.0561144604089818}, "datetime": {"datetime": "2019-12-31 14:49:29", "elapsed": 1498.32288, "delta": 16.597394}}
{"target": 0.4, "params": {"close_airport_weight": 0.8, "deploy_medication_weight": 1.0802038896793686, "develop_medication_weight": 1.1118789825875817, "put_under_quarantine_weight": 1.2}, "datetime": {"datetime": "2019-12-31 14:49:48", "elapsed": 1516.985256, "delta": 18.662376}}
{"target": 0.4, "params": {"close_airport_weight": 0.8, "deploy_medication_weight": 0.8, "develop_medication_weight": 0.8, "put_under_quarantine_weight": 0.9026435245651222}, "datetime": {"datetime": "2019-12-31 14:50:06", "elapsed": 1535.297743, "delta": 18.312487}}
{"target": 0.2, "params": {"close_airport_weight": 1.068032266092642, "deploy_medication_weight": 1.0147637063903996, "develop_medication_weight": 1.0524065206639845, "put_under_quarantine_weight": 1.0388332929555728}, "datetime": {"datetime": "2019-12-31 14:50:28", "elapsed": 1556.879616, "delta": 21.581873}}
{"target": 0.2, "params": {"close_airport_weight": 1.059578284134155, "deploy_medication_weight": 1.0868650488097396, "develop_medication_weight": 0.953433001090055, "put_under_quarantine_weight": 1.2}, "datetime": {"datetime": "2019-12-31 14:50:42", "elapsed": 1571.536553, "delta": 14.656937}}
{"target": 0.4, "params": {"close_airport_weight": 1.2, "deploy_medication_weight": 0.8, "develop_medication_weight": 0.9417613743672498, "put_under_quarantine_weight": 0.8}, "datetime": {"datetime": "2019-12-31 14:51:00", "elapsed": 1589.749015, "delta": 18.212462}}
{"target": 0.3, "params": {"close_airport_weight": 1.0585876180990341, "deploy_medication_weight": 0.8, "develop_medication_weight": 0.8, "put_under_quarantine_weight": 1.2}, "datetime": {"datetime": "2019-12-31 14:51:21", "elapsed": 1609.838749, "delta": 20.089734}}
{"target": 0.0, "params": {"close_airport_weight": 0.8, "deploy_medication_weight": 0.988027189119881, "develop_medication_weight": 1.075744113777257, "put_under_quarantine_weight": 1.1112450200768484}, "datetime": {"datetime": "2019-12-31 14:51:34", "elapsed": 1623.030816, "delta": 13.192067}}
{"target": 0.6, "params": {"close_airport_weight": 0.8, "deploy_medication_weight": 1.0204341548464462, "develop_medication_weight": 1.0489695419909937, "put_under_quarantine_weight": 0.8}, "datetime": {"datetime": "2019-12-31 14:51:53", "elapsed": 1642.134783, "delta": 19.103967}}
{"target": 0.5, "params": {"close_airport_weight": 0.8, "deploy_medication_weight": 1.0688328808273022, "develop_medication_weight": 1.1214391460347086, "put_under_quarantine_weight": 0.8}, "datetime": {"datetime": "2019-12-31 14:52:10", "elapsed": 1659.640401, "delta": 17.505618}}
{"target": 0.2, "params": {"close_airport_weight": 0.8, "deploy_medication_weight": 1.0492273519524284, "develop_medication_weight": 0.9678999471985771, "put_under_quarantine_weight": 0.8594028753251343}, "datetime": {"datetime": "2019-12-31 14:52:29", "elapsed": 1678.690751, "delta": 19.05035}}
{"target": 0.1, "params": {"close_airport_weight": 0.8873502924818214, "deploy_medication_weight": 0.9513760503717424, "develop_medication_weight": 1.0502538911471502, "put_under_quarantine_weight": 0.8}, "datetime": {"datetime": "2019-12-31 14:52:48", "elapsed": 1696.780847, "delta": 18.090096}}
{"target": 0.2, "params": {"close_airport_weight": 0.9704433917503865, "deploy_medication_weight": 0.9597708822221508, "develop_medication_weight": 0.8, "put_under_quarantine_weight": 1.026520099689968}, "datetime": {"datetime": "2019-12-31 14:53:01", "elapsed": 1710.161575, "delta": 13.380728}}
{"target": 0.0, "params": {"close_airport_weight": 0.8, "deploy_medication_weight": 1.0864081327530097, "develop_medication_weight": 1.2, "put_under_quarantine_weight": 1.2}, "datetime": {"datetime": "2019-12-31 14:53:30", "elapsed": 1739.737597, "delta": 29.576022}}
{"target": 0.0, "params": {"close_airport_weight": 0.8, "deploy_medication_weight": 1.2, "develop_medication_weight": 1.2, "put_under_quarantine_weight": 0.9561958803975921}, "datetime": {"datetime": "2019-12-31 14:53:55", "elapsed": 1764.678494, "delta": 24.940897}}
{"target": 0.3, "params": {"close_airport_weight": 0.9026684626202717, "deploy_medication_weight": 0.9049009246402304, "develop_medication_weight": 1.2, "put_under_quarantine_weight": 1.2}, "datetime": {"datetime": "2019-12-31 14:54:13", "elapsed": 1782.076304, "delta": 17.39781}}
{"target": 0.0, "params": {"close_airport_weight": 0.9434774411100473, "deploy_medication_weight": 1.2, "develop_medication_weight": 1.1016486576996174, "put_under_quarantine_weight": 1.2}, "datetime": {"datetime": "2019-12-31 14:54:31", "elapsed": 1800.298731, "delta": 18.222427}}
{"target": 0.2, "params": {"close_airport_weight": 0.9994494621601503, "deploy_medication_weight": 1.0432372033183421, "develop_medication_weight": 1.2, "put_under_quarantine_weight": 1.006211377778594}, "datetime": {"datetime": "2019-12-31 14:54:54", "elapsed": 1822.827273, "delta": 22.528542}}
{"target": 0.2, "params": {"close_airport_weight": 1.097531862507539, "deploy_medication_weight": 0.8, "develop_medication_weight": 0.8907030939455096, "put_under_quarantine_weight": 0.8921656655646532}, "datetime": {"datetime": "2019-12-31 14:55:12", "elapsed": 1841.034531, "delta": 18.207258}}
{"target": 0.4, "params": {"close_airport_weight": 0.8944545079848504, "deploy_medication_weight": 1.1096810001562079, "develop_medication_weight": 0.8823519590985116, "put_under_quarantine_weight": 1.2}, "datetime": {"datetime": "2019-12-31 14:55:28", "elapsed": 1857.130638, "delta": 16.096107}}
{"target": 0.4, "params": {"close_airport_weight": 0.8, "deploy_medication_weight": 0.994522407833383, "develop_medication_weight": 1.1031451551583644, "put_under_quarantine_weight": 0.8636685866620957}, "datetime": {"datetime": "2019-12-31 14:55:51", "elapsed": 1880.73276, "delta": 23.602122}}
{"target": 0.3, "params": {"close_airport_weight": 0.8, "deploy_medication_weight": 0.8, "develop_medication_weight": 0.8, "put_under_quarantine_weight": 0.8}, "datetime": {"datetime": "2019-12-31 14:56:16", "elapsed": 1905.437151, "delta": 24.704391}}
